


ARM Macro Assembler    Page 1 


    1 00000000                 AREA             Data, DATA
    2 00000000         
    3 00000000         debug1
    4 00000000 00 00 00 
              00               SPACE            4
    5 00000004         debug2
    6 00000004 00 00 00 
              00               SPACE            4
    7 00000008                 EXPORT           debug2
    8 00000008         
    9 00000008                 PRESERVE8
   10 00000008                 AREA             OS_func, CODE, READONLY
   11 00000000         
   12 00000000         ; Export function locations
   13 00000000                 EXPORT           SVC_Handler
   14 00000000                 EXPORT           PendSV_Handler
   15 00000000                 EXPORT           _task_switch
   16 00000000                 EXPORT           _task_init_switch
   17 00000000         
   18 00000000         ; Import global variables
   19 00000000                 IMPORT           _currentTCB
   20 00000000                 IMPORT           _OS_scheduler
   21 00000000         
   22 00000000         ; Import SVC routines
   23 00000000                 IMPORT           _svc_OS_enable_systick
   24 00000000                 IMPORT           _svc_OS_addTask
   25 00000000                 IMPORT           _svc_OS_task_exit
   26 00000000                 IMPORT           _svc_OS_yield
   27 00000000                 IMPORT           _svc_OS_schedule
   28 00000000                 IMPORT           _svc_OS_wait
   29 00000000                 IMPORT           _svc_OS_notify
   30 00000000                 IMPORT           _svc_OS_sleep
   31 00000000                 IMPORT           _svc_OS_wake
   32 00000000         
   33 00000000         SVC_Handler
   34 00000000         ; Link register contains special 'exit handler mode' cod
                       e
   35 00000000         ; Bit 2 tells whether the MSP or PSP was in use
   36 00000000 F01E 0F04       TST              lr, #4
   37 00000004 BF0C F3EF 
              8008             MRSEQ            r0, MSP
   38 0000000A F3EF 8009       MRSNE            r0, PSP
   39 0000000E         ; r0 now contains the SP that was in use
   40 0000000E         ; Return address is on the stack: load it into r1
   41 0000000E 6981            LDR              r1, [r0, #24]
   42 00000010         ; Use the return address to find the SVC instruction
   43 00000010         ; SVC instruction contains an 8-bit code
   44 00000010 F811 1C02       LDRB             r1, [r1, #-2]
   45 00000014         ; Check if it's in the table
   46 00000014 2909            CMP              r1, #((SVC_tableEnd - SVC_table
Start)/4)
   47 00000016         ; If not, return
   48 00000016 BFA8 4770       BXGE             lr
   49 0000001A         ; Branch to the right handler
   50 0000001A         ; Remember, the SP is in r0
   51 0000001A 4A1D            LDR              r2, =SVC_tableStart
   52 0000001C F852 F021       LDR              pc, [r2, r1, lsl #2]
   53 00000020         
   54 00000020                 ALIGN



ARM Macro Assembler    Page 2 


   55 00000020         SVC_tableStart
   56 00000020 00000000        DCD              _svc_OS_enable_systick
   57 00000024 00000000        DCD              _svc_OS_addTask
   58 00000028 00000000        DCD              _svc_OS_task_exit
   59 0000002C 00000000        DCD              _svc_OS_yield
   60 00000030 00000000        DCD              _svc_OS_schedule
   61 00000034 00000000        DCD              _svc_OS_wait
   62 00000038 00000000        DCD              _svc_OS_notify
   63 0000003C 00000000        DCD              _svc_OS_sleep
   64 00000040 00000000        DCD              _svc_OS_wake
   65 00000044         SVC_tableEnd
   66 00000044         
   67 00000044                 ALIGN
   68 00000044         PendSV_Handler
   69 00000044 B510            STMFD            sp!, {r4, lr} ; r4 included for
                                                             stack alignment
   70 00000046 4813            LDR              r0, =_OS_scheduler
   71 00000048 4780            BLX              r0
   72 0000004A E8BD 4010       LDMFD            sp!, {r4, lr}
   73 0000004E         _task_switch
   74 0000004E         ; r0 contains nextTCB (OS_TCB *)
   75 0000004E         ; Load r2 = &_currentTCB (OS_TCB **), r1 = _currentTCB (
                       OS_TCB *, == OS_StackFrame **)
   76 0000004E 4A12            LDR              r2, =_currentTCB
   77 00000050 6811            LDR              r1, [r2]
   78 00000052         ; Compare _currentTCB to nextTCB: if equal, go home
   79 00000052 4281            CMP              r1, r0
   80 00000054 BF08 4770       BXEQ             lr
   81 00000058         ; If not, stack remaining process registers (pc, PSR, lr
                       , r0-r3, r12 already stacked)
   82 00000058 F3EF 8309       MRS              r3, PSP
   83 0000005C E923 0FF0       STMFD            r3!, {r4-r11}
   84 00000060         ; Store stack pointer
   85 00000060 600B            STR              r3, [r1]
   86 00000062         ; Load new stack pointer
   87 00000062 6803            LDR              r3, [r0]
   88 00000064         ; Unstack process registers
   89 00000064 E8B3 0FF0       LDMFD            r3!, {r4-r11}
   90 00000068 F383 8809       MSR              PSP, r3
   91 0000006C         ; Update _currentTCB
   92 0000006C 6010            STR              r0, [r2]
   93 0000006E         ; Clear exclusive access flag
   94 0000006E F3BF 8F2F       CLREX
   95 00000072 4770            BX               lr
   96 00000074         
   97 00000074                 ALIGN
   98 00000074         _task_init_switch
   99 00000074         ; Assume thread mode on entry
  100 00000074         ; Initial task is the idle task
  101 00000074         ; On entry r0 = OS_idleTCB_p (OS_TCB *)
  102 00000074         ; Load r1 = *(r0) (OS_StackFrame *)
  103 00000074 6801            LDR              r1, [r0]
  104 00000076         ; Update PSP
  105 00000076 F381 8809       MSR              PSP, r1
  106 0000007A         ; Update _currentTCB
  107 0000007A 4A07            LDR              r2, =_currentTCB
  108 0000007C 6010            STR              r0, [r2]
  109 0000007E         ; Switch to using PSP instead of MSP for thread mode (bi
                       t 1 = 1)



ARM Macro Assembler    Page 3 


  110 0000007E         ; Also lose privileges in thread mode (bit 0 = 1) and di
                       sable FPU (bit 2 = 0)
  111 0000007E F04F 0203       MOV              r2, #3
  112 00000082 F382 8814       MSR              CONTROL, r2
  113 00000086         ; Instruction barrier (stack pointer switch)
  114 00000086 F3BF 8F6F       ISB
  115 0000008A         ; Check to see if the scheduler is preemptive before
  116 0000008A         ; This SVC call should be handled by _svc_OS_enable_syst
                       ick()
  117 0000008A DF00            SVC              0x00
  118 0000008C         ; Continue to the idle task
  119 0000008C         
  120 0000008C                 ALIGN
  121 0000008C         ; This SVC call should be handled by _svc_OS_schedule()
  122 0000008C         ; It causes a switch to a runnable task, if possible
  123 0000008C DF04            SVC              0x04
  124 0000008E         _idle_task
  125 0000008E         ; The following line is commented out because it doesn't
                        play nicely with the debugger.
  126 0000008E         ; For deployment, uncomment this line and the CPU will s
                       leep when idling, waking only to
  127 0000008E         ; handle interrupts.
  128 0000008E         ;   WFI
  129 0000008E E7FE            B                _idle_task
  130 00000090         
  131 00000090                 ALIGN
  132 00000090                 END
              00000000 
              00000000 
              00000000 
Command Line: --debug --xref --diag_suppress=9931 --cpu=Cortex-M4.fp.sp --apcs=
interwork --depend=.\flash\os_asm.d -o.\flash\os_asm.o -I.\RTE\_STM32F407_Flash
 -IC:\KEIL_V5\ARM\PACK\ARM\CMSIS\5.8.0\CMSIS\Core\Include -IC:\KEIL_V5\ARM\PACK
\Keil\STM32F4xx_DFP\2.16.0\Drivers\CMSIS\Device\ST\STM32F4xx\Include --predefin
e="__UVISION_VERSION SETA 535" --predefine="_RTE_ SETA 1" --predefine="STM32F40
7xx SETA 1" --predefine="_RTE_ SETA 1" --list=.\flash\os_asm.lst OS\os_asm.s



ARM Macro Assembler    Page 1 Alphabetic symbol ordering
Relocatable symbols

Data 00000000

Symbol: Data
   Definitions
      At line 1 in file OS\os_asm.s
   Uses
      None
Comment: Data unused
debug1 00000000

Symbol: debug1
   Definitions
      At line 3 in file OS\os_asm.s
   Uses
      None
Comment: debug1 unused
debug2 00000004

Symbol: debug2
   Definitions
      At line 5 in file OS\os_asm.s
   Uses
      At line 7 in file OS\os_asm.s
Comment: debug2 used once
3 symbols



ARM Macro Assembler    Page 1 Alphabetic symbol ordering
Relocatable symbols

OS_func 00000000

Symbol: OS_func
   Definitions
      At line 10 in file OS\os_asm.s
   Uses
      None
Comment: OS_func unused
PendSV_Handler 00000044

Symbol: PendSV_Handler
   Definitions
      At line 68 in file OS\os_asm.s
   Uses
      At line 14 in file OS\os_asm.s
Comment: PendSV_Handler used once
SVC_Handler 00000000

Symbol: SVC_Handler
   Definitions
      At line 33 in file OS\os_asm.s
   Uses
      At line 13 in file OS\os_asm.s
Comment: SVC_Handler used once
SVC_tableEnd 00000044

Symbol: SVC_tableEnd
   Definitions
      At line 65 in file OS\os_asm.s
   Uses
      At line 46 in file OS\os_asm.s
Comment: SVC_tableEnd used once
SVC_tableStart 00000020

Symbol: SVC_tableStart
   Definitions
      At line 55 in file OS\os_asm.s
   Uses
      At line 46 in file OS\os_asm.s
      At line 51 in file OS\os_asm.s

_idle_task 0000008E

Symbol: _idle_task
   Definitions
      At line 124 in file OS\os_asm.s
   Uses
      At line 129 in file OS\os_asm.s
Comment: _idle_task used once
_task_init_switch 00000074

Symbol: _task_init_switch
   Definitions
      At line 98 in file OS\os_asm.s
   Uses
      At line 16 in file OS\os_asm.s
Comment: _task_init_switch used once
_task_switch 0000004E




ARM Macro Assembler    Page 2 Alphabetic symbol ordering
Relocatable symbols

Symbol: _task_switch
   Definitions
      At line 73 in file OS\os_asm.s
   Uses
      At line 15 in file OS\os_asm.s
Comment: _task_switch used once
8 symbols



ARM Macro Assembler    Page 1 Alphabetic symbol ordering
External symbols

_OS_scheduler 00000000

Symbol: _OS_scheduler
   Definitions
      At line 20 in file OS\os_asm.s
   Uses
      At line 70 in file OS\os_asm.s
Comment: _OS_scheduler used once
_currentTCB 00000000

Symbol: _currentTCB
   Definitions
      At line 19 in file OS\os_asm.s
   Uses
      At line 76 in file OS\os_asm.s
      At line 107 in file OS\os_asm.s

_svc_OS_addTask 00000000

Symbol: _svc_OS_addTask
   Definitions
      At line 24 in file OS\os_asm.s
   Uses
      At line 57 in file OS\os_asm.s
Comment: _svc_OS_addTask used once
_svc_OS_enable_systick 00000000

Symbol: _svc_OS_enable_systick
   Definitions
      At line 23 in file OS\os_asm.s
   Uses
      At line 56 in file OS\os_asm.s
Comment: _svc_OS_enable_systick used once
_svc_OS_notify 00000000

Symbol: _svc_OS_notify
   Definitions
      At line 29 in file OS\os_asm.s
   Uses
      At line 62 in file OS\os_asm.s
Comment: _svc_OS_notify used once
_svc_OS_schedule 00000000

Symbol: _svc_OS_schedule
   Definitions
      At line 27 in file OS\os_asm.s
   Uses
      At line 60 in file OS\os_asm.s
Comment: _svc_OS_schedule used once
_svc_OS_sleep 00000000

Symbol: _svc_OS_sleep
   Definitions
      At line 30 in file OS\os_asm.s
   Uses
      At line 63 in file OS\os_asm.s
Comment: _svc_OS_sleep used once
_svc_OS_task_exit 00000000




ARM Macro Assembler    Page 2 Alphabetic symbol ordering
External symbols

Symbol: _svc_OS_task_exit
   Definitions
      At line 25 in file OS\os_asm.s
   Uses
      At line 58 in file OS\os_asm.s
Comment: _svc_OS_task_exit used once
_svc_OS_wait 00000000

Symbol: _svc_OS_wait
   Definitions
      At line 28 in file OS\os_asm.s
   Uses
      At line 61 in file OS\os_asm.s
Comment: _svc_OS_wait used once
_svc_OS_wake 00000000

Symbol: _svc_OS_wake
   Definitions
      At line 31 in file OS\os_asm.s
   Uses
      At line 64 in file OS\os_asm.s
Comment: _svc_OS_wake used once
_svc_OS_yield 00000000

Symbol: _svc_OS_yield
   Definitions
      At line 26 in file OS\os_asm.s
   Uses
      At line 59 in file OS\os_asm.s
Comment: _svc_OS_yield used once
11 symbols
358 symbols in table
